<?xml version="1.0" encoding="UTF-8"?>
<testsuites name="jest tests" tests="32" failures="0" time="2.274">
  <testsuite name="Launch Darkly:" errors="0" failures="0" skipped="0" timestamp="2020-05-19T23:32:39" time="1.059" tests="23">
    <testcase classname="Launch Darkly: init" name="Launch Darkly: init" time="0.004">
    </testcase>
    <testcase classname="Launch Darkly: init without option should throw warning" name="Launch Darkly: init without option should throw warning" time="0.012">
    </testcase>
    <testcase classname="Launch Darkly: initPromise" name="Launch Darkly: initPromise" time="0.014">
    </testcase>
    <testcase classname="Launch Darkly: createClient" name="Launch Darkly: createClient" time="0.001">
    </testcase>
    <testcase classname="Launch Darkly: createClient accepts underscored user keys" name="Launch Darkly: createClient accepts underscored user keys" time="0.001">
    </testcase>
    <testcase classname="Launch Darkly: createClient no user" name="Launch Darkly: createClient no user" time="0.001">
    </testcase>
    <testcase classname="Launch Darkly: createClient no client key" name="Launch Darkly: createClient no client key" time="0">
    </testcase>
    <testcase classname="Launch Darkly: createClient no user authID key" name="Launch Darkly: createClient no user authID key" time="0.001">
    </testcase>
    <testcase classname="Launch Darkly: handleEvents" name="Launch Darkly: handleEvents" time="0.001">
    </testcase>
    <testcase classname="Launch Darkly: handleEvents promise" name="Launch Darkly: handleEvents promise" time="0.011">
    </testcase>
    <testcase classname="Launch Darkly: handleEvents no client" name="Launch Darkly: handleEvents no client" time="0.001">
    </testcase>
    <testcase classname="Launch Darkly: handleEvents no client with reject callback" name="Launch Darkly: handleEvents no client with reject callback" time="0">
    </testcase>
    <testcase classname="Launch Darkly: handleEvents timeout with reject callback" name="Launch Darkly: handleEvents timeout with reject callback" time="0.008">
    </testcase>
    <testcase classname="Launch Darkly: handleEvents error event" name="Launch Darkly: handleEvents error event" time="0">
    </testcase>
    <testcase classname="Launch Darkly: getFeatureFlag throws and error when there is no default value provided" name="Launch Darkly: getFeatureFlag throws and error when there is no default value provided" time="0.004">
    </testcase>
    <testcase classname="Launch Darkly: getFeatureFlag returns default value when there is no ldClient but a default value(false) is provided" name="Launch Darkly: getFeatureFlag returns default value when there is no ldClient but a default value(false) is provided" time="0.001">
    </testcase>
    <testcase classname="Launch Darkly: getAllFlags returns an empty object if the ldclient doesn&apos;t exist" name="Launch Darkly: getAllFlags returns an empty object if the ldclient doesn&apos;t exist" time="0.001">
    </testcase>
    <testcase classname="Launch Darkly: LD API initializes with appropriate api" name="Launch Darkly: LD API initializes with appropriate api" time="0">
    </testcase>
    <testcase classname="Launch Darkly: LD API returns promise that will return a ready client" name="Launch Darkly: LD API returns promise that will return a ready client" time="0.011">
    </testcase>
    <testcase classname="Launch Darkly: LD API returns promise that rejects if the client does not initialize in time" name="Launch Darkly: LD API returns promise that rejects if the client does not initialize in time" time="0.003">
    </testcase>
    <testcase classname="Launch Darkly: getFeatureFlag returns the feature value" name="Launch Darkly: getFeatureFlag returns the feature value" time="0.003">
    </testcase>
    <testcase classname="Launch Darkly: getPromiseFeatureFlag returns reject when there is no default value is provided" name="Launch Darkly: getPromiseFeatureFlag returns reject when there is no default value is provided" time="0.001">
    </testcase>
    <testcase classname="Launch Darkly: getAllFlags returns all flags belonging to that userKey" name="Launch Darkly: getAllFlags returns all flags belonging to that userKey" time="0">
    </testcase>
  </testsuite>
  <testsuite name="Launch Darkly Plugin " errors="0" failures="0" skipped="0" timestamp="2020-05-19T23:32:39" time="1.318" tests="9">
    <testcase classname="Launch Darkly Plugin  FeatureFlag: should render component if flagKey value is true in appFlags object " name="Launch Darkly Plugin  FeatureFlag: should render component if flagKey value is true in appFlags object " time="0.012">
    </testcase>
    <testcase classname="Launch Darkly Plugin  FeatureFlag: should not render component if flagKey value is false in appFlags object " name="Launch Darkly Plugin  FeatureFlag: should not render component if flagKey value is false in appFlags object " time="0.001">
    </testcase>
    <testcase classname="Launch Darkly Plugin  FeatureFlag: should not render component if flagKey does not exist in appFlags object " name="Launch Darkly Plugin  FeatureFlag: should not render component if flagKey does not exist in appFlags object " time="0.001">
    </testcase>
    <testcase classname="Launch Darkly Plugin  FeatureFlag: should render only the FeatureTrue when flagKey value is true" name="Launch Darkly Plugin  FeatureFlag: should render only the FeatureTrue when flagKey value is true" time="0.032">
    </testcase>
    <testcase classname="Launch Darkly Plugin  FeatureFlag: should render only the FeatureFalse when flagKey value is false" name="Launch Darkly Plugin  FeatureFlag: should render only the FeatureFalse when flagKey value is false" time="0.003">
    </testcase>
    <testcase classname="Launch Darkly Plugin  FeatureFlag: should not render either FeatureTrue or FeatureFalse when it gets mixed with NonPluginElement and should throw a warnring" name="Launch Darkly Plugin  FeatureFlag: should not render either FeatureTrue or FeatureFalse when it gets mixed with NonPluginElement and should throw a warnring" time="0.011">
    </testcase>
    <testcase classname="Launch Darkly Plugin  FeatureSwitch: renders the FeatureCase component that matches the flagKey " name="Launch Darkly Plugin  FeatureSwitch: renders the FeatureCase component that matches the flagKey " time="0.015">
    </testcase>
    <testcase classname="Launch Darkly Plugin  FeatureSwitch: renders the FeatureDefault component when the no FeatureCase found that matches the flagKey " name="Launch Darkly Plugin  FeatureSwitch: renders the FeatureDefault component when the no FeatureCase found that matches the flagKey " time="0.002">
    </testcase>
    <testcase classname="Launch Darkly Plugin  FeatureFlag: should not render the FeatureSwitch and throw a warning when FeatureSwitch gets mixed with NonPlugin elements" name="Launch Darkly Plugin  FeatureFlag: should not render the FeatureSwitch and throw a warning when FeatureSwitch gets mixed with NonPlugin elements" time="0.009">
    </testcase>
  </testsuite>
</testsuites>